The system is: Darwin - 12.5.0 - i386
Compiling the C compiler identification source file "CMakeCCompilerId.c" succeeded.
Compiler: /usr/bin/cc 
Build flags: 
Id flags: 

The output was:
0


Compilation of the C compiler identification source "CMakeCCompilerId.c" produced "a.out"

The C compiler identification is Clang, found in "/Users/cscadmin/courses/471_graphics/programs/CmakeCompile/Lab5_Revise/Project/CMakeFiles/2.8.10.2/CompilerIdC/a.out"

Compiling the CXX compiler identification source file "CMakeCXXCompilerId.cpp" succeeded.
Compiler: /usr/bin/c++ 
Build flags: 
Id flags: 

The output was:
0


Compilation of the CXX compiler identification source "CMakeCXXCompilerId.cpp" produced "a.out"

The CXX compiler identification is Clang, found in "/Users/cscadmin/courses/471_graphics/programs/CmakeCompile/Lab5_Revise/Project/CMakeFiles/2.8.10.2/CompilerIdCXX/a.out"

Determining if the C compiler works passed with the following output:
Change Dir: /Users/cscadmin/courses/471_graphics/programs/CmakeCompile/Lab5_Revise/Project/CMakeFiles/CMakeTmp

Run Build Command:/usr/bin/make "cmTryCompileExec1331905093/fast"
/usr/bin/make -f CMakeFiles/cmTryCompileExec1331905093.dir/build.make CMakeFiles/cmTryCompileExec1331905093.dir/build
"/Applications/CMake 2.8-10.app/Contents/bin/cmake" -E cmake_progress_report /Users/cscadmin/courses/471_graphics/programs/CmakeCompile/Lab5_Revise/Project/CMakeFiles/CMakeTmp/CMakeFiles 1
Building C object CMakeFiles/cmTryCompileExec1331905093.dir/testCCompiler.c.o
/usr/bin/cc    -o CMakeFiles/cmTryCompileExec1331905093.dir/testCCompiler.c.o   -c /Users/cscadmin/courses/471_graphics/programs/CmakeCompile/Lab5_Revise/Project/CMakeFiles/CMakeTmp/testCCompiler.c
Linking C executable cmTryCompileExec1331905093
"/Applications/CMake 2.8-10.app/Contents/bin/cmake" -E cmake_link_script CMakeFiles/cmTryCompileExec1331905093.dir/link.txt --verbose=1
/usr/bin/cc      -Wl,-search_paths_first -Wl,-headerpad_max_install_names   CMakeFiles/cmTryCompileExec1331905093.dir/testCCompiler.c.o  -o cmTryCompileExec1331905093  


Detecting C compiler ABI info compiled with the following output:
Change Dir: /Users/cscadmin/courses/471_graphics/programs/CmakeCompile/Lab5_Revise/Project/CMakeFiles/CMakeTmp

Run Build Command:/usr/bin/make "cmTryCompileExec263507804/fast"
/usr/bin/make -f CMakeFiles/cmTryCompileExec263507804.dir/build.make CMakeFiles/cmTryCompileExec263507804.dir/build
"/Applications/CMake 2.8-10.app/Contents/bin/cmake" -E cmake_progress_report /Users/cscadmin/courses/471_graphics/programs/CmakeCompile/Lab5_Revise/Project/CMakeFiles/CMakeTmp/CMakeFiles 1
Building C object CMakeFiles/cmTryCompileExec263507804.dir/CMakeCCompilerABI.c.o
/usr/bin/cc    -o CMakeFiles/cmTryCompileExec263507804.dir/CMakeCCompilerABI.c.o   -c "/Applications/CMake 2.8-10.app/Contents/share/cmake-2.8/Modules/CMakeCCompilerABI.c"
Linking C executable cmTryCompileExec263507804
"/Applications/CMake 2.8-10.app/Contents/bin/cmake" -E cmake_link_script CMakeFiles/cmTryCompileExec263507804.dir/link.txt --verbose=1
/usr/bin/cc      -Wl,-search_paths_first -Wl,-headerpad_max_install_names -v CMakeFiles/cmTryCompileExec263507804.dir/CMakeCCompilerABI.c.o  -o cmTryCompileExec263507804   
Apple clang version 4.1 (tags/Apple/clang-421.11.66) (based on LLVM 3.1svn)
Target: x86_64-apple-darwin12.5.0
Thread model: posix
 "/usr/bin/ld" -demangle -dynamic -arch x86_64 -macosx_version_min 10.8.0 -o cmTryCompileExec263507804 -search_paths_first -headerpad_max_install_names CMakeFiles/cmTryCompileExec263507804.dir/CMakeCCompilerABI.c.o -lSystem /usr/bin/../lib/clang/4.1/lib/darwin/libclang_rt.osx.a


Parsed C implicit link information from above output:
  link line regex: [^( *|.*[/\])(ld|ld|collect2)[^/\]*( |$)]
  ignore line: [Change Dir: /Users/cscadmin/courses/471_graphics/programs/CmakeCompile/Lab5_Revise/Project/CMakeFiles/CMakeTmp]
  ignore line: []
  ignore line: [Run Build Command:/usr/bin/make "cmTryCompileExec263507804/fast"]
  ignore line: [/usr/bin/make -f CMakeFiles/cmTryCompileExec263507804.dir/build.make CMakeFiles/cmTryCompileExec263507804.dir/build]
  ignore line: ["/Applications/CMake 2.8-10.app/Contents/bin/cmake" -E cmake_progress_report /Users/cscadmin/courses/471_graphics/programs/CmakeCompile/Lab5_Revise/Project/CMakeFiles/CMakeTmp/CMakeFiles 1]
  ignore line: [Building C object CMakeFiles/cmTryCompileExec263507804.dir/CMakeCCompilerABI.c.o]
  ignore line: [/usr/bin/cc    -o CMakeFiles/cmTryCompileExec263507804.dir/CMakeCCompilerABI.c.o   -c "/Applications/CMake 2.8-10.app/Contents/share/cmake-2.8/Modules/CMakeCCompilerABI.c"]
  ignore line: [Linking C executable cmTryCompileExec263507804]
  ignore line: ["/Applications/CMake 2.8-10.app/Contents/bin/cmake" -E cmake_link_script CMakeFiles/cmTryCompileExec263507804.dir/link.txt --verbose=1]
  ignore line: [/usr/bin/cc      -Wl,-search_paths_first -Wl,-headerpad_max_install_names -v CMakeFiles/cmTryCompileExec263507804.dir/CMakeCCompilerABI.c.o  -o cmTryCompileExec263507804   ]
  ignore line: [Apple clang version 4.1 (tags/Apple/clang-421.11.66) (based on LLVM 3.1svn)]
  ignore line: [Target: x86_64-apple-darwin12.5.0]
  ignore line: [Thread model: posix]
  link line: [ "/usr/bin/ld" -demangle -dynamic -arch x86_64 -macosx_version_min 10.8.0 -o cmTryCompileExec263507804 -search_paths_first -headerpad_max_install_names CMakeFiles/cmTryCompileExec263507804.dir/CMakeCCompilerABI.c.o -lSystem /usr/bin/../lib/clang/4.1/lib/darwin/libclang_rt.osx.a]
    arg [/usr/bin/ld] ==> ignore
    arg [-demangle] ==> ignore
    arg [-dynamic] ==> ignore
    arg [-arch] ==> ignore
    arg [x86_64] ==> ignore
    arg [-macosx_version_min] ==> ignore
    arg [10.8.0] ==> ignore
    arg [-o] ==> ignore
    arg [cmTryCompileExec263507804] ==> ignore
    arg [-search_paths_first] ==> ignore
    arg [-headerpad_max_install_names] ==> ignore
    arg [CMakeFiles/cmTryCompileExec263507804.dir/CMakeCCompilerABI.c.o] ==> ignore
    arg [-lSystem] ==> lib [System]
    arg [/usr/bin/../lib/clang/4.1/lib/darwin/libclang_rt.osx.a] ==> lib [/usr/bin/../lib/clang/4.1/lib/darwin/libclang_rt.osx.a]
  remove lib [System]
  implicit libs: [/usr/bin/../lib/clang/4.1/lib/darwin/libclang_rt.osx.a]
  implicit dirs: []


Determining if the CXX compiler works passed with the following output:
Change Dir: /Users/cscadmin/courses/471_graphics/programs/CmakeCompile/Lab5_Revise/Project/CMakeFiles/CMakeTmp

Run Build Command:/usr/bin/make "cmTryCompileExec272342531/fast"
/usr/bin/make -f CMakeFiles/cmTryCompileExec272342531.dir/build.make CMakeFiles/cmTryCompileExec272342531.dir/build
"/Applications/CMake 2.8-10.app/Contents/bin/cmake" -E cmake_progress_report /Users/cscadmin/courses/471_graphics/programs/CmakeCompile/Lab5_Revise/Project/CMakeFiles/CMakeTmp/CMakeFiles 1
Building CXX object CMakeFiles/cmTryCompileExec272342531.dir/testCXXCompiler.cxx.o
/usr/bin/c++     -o CMakeFiles/cmTryCompileExec272342531.dir/testCXXCompiler.cxx.o -c /Users/cscadmin/courses/471_graphics/programs/CmakeCompile/Lab5_Revise/Project/CMakeFiles/CMakeTmp/testCXXCompiler.cxx
Linking CXX executable cmTryCompileExec272342531
"/Applications/CMake 2.8-10.app/Contents/bin/cmake" -E cmake_link_script CMakeFiles/cmTryCompileExec272342531.dir/link.txt --verbose=1
/usr/bin/c++       -Wl,-search_paths_first -Wl,-headerpad_max_install_names   CMakeFiles/cmTryCompileExec272342531.dir/testCXXCompiler.cxx.o  -o cmTryCompileExec272342531  


Detecting CXX compiler ABI info compiled with the following output:
Change Dir: /Users/cscadmin/courses/471_graphics/programs/CmakeCompile/Lab5_Revise/Project/CMakeFiles/CMakeTmp

Run Build Command:/usr/bin/make "cmTryCompileExec1346629761/fast"
/usr/bin/make -f CMakeFiles/cmTryCompileExec1346629761.dir/build.make CMakeFiles/cmTryCompileExec1346629761.dir/build
"/Applications/CMake 2.8-10.app/Contents/bin/cmake" -E cmake_progress_report /Users/cscadmin/courses/471_graphics/programs/CmakeCompile/Lab5_Revise/Project/CMakeFiles/CMakeTmp/CMakeFiles 1
Building CXX object CMakeFiles/cmTryCompileExec1346629761.dir/CMakeCXXCompilerABI.cpp.o
/usr/bin/c++     -o CMakeFiles/cmTryCompileExec1346629761.dir/CMakeCXXCompilerABI.cpp.o -c "/Applications/CMake 2.8-10.app/Contents/share/cmake-2.8/Modules/CMakeCXXCompilerABI.cpp"
Linking CXX executable cmTryCompileExec1346629761
"/Applications/CMake 2.8-10.app/Contents/bin/cmake" -E cmake_link_script CMakeFiles/cmTryCompileExec1346629761.dir/link.txt --verbose=1
/usr/bin/c++       -Wl,-search_paths_first -Wl,-headerpad_max_install_names -v CMakeFiles/cmTryCompileExec1346629761.dir/CMakeCXXCompilerABI.cpp.o  -o cmTryCompileExec1346629761   
Apple clang version 4.1 (tags/Apple/clang-421.11.66) (based on LLVM 3.1svn)
Target: x86_64-apple-darwin12.5.0
Thread model: posix
 "/usr/bin/ld" -demangle -dynamic -arch x86_64 -macosx_version_min 10.8.0 -o cmTryCompileExec1346629761 -search_paths_first -headerpad_max_install_names CMakeFiles/cmTryCompileExec1346629761.dir/CMakeCXXCompilerABI.cpp.o -lstdc++ -lSystem /usr/bin/../lib/clang/4.1/lib/darwin/libclang_rt.osx.a


Parsed CXX implicit link information from above output:
  link line regex: [^( *|.*[/\])(ld|ld|collect2)[^/\]*( |$)]
  ignore line: [Change Dir: /Users/cscadmin/courses/471_graphics/programs/CmakeCompile/Lab5_Revise/Project/CMakeFiles/CMakeTmp]
  ignore line: []
  ignore line: [Run Build Command:/usr/bin/make "cmTryCompileExec1346629761/fast"]
  ignore line: [/usr/bin/make -f CMakeFiles/cmTryCompileExec1346629761.dir/build.make CMakeFiles/cmTryCompileExec1346629761.dir/build]
  ignore line: ["/Applications/CMake 2.8-10.app/Contents/bin/cmake" -E cmake_progress_report /Users/cscadmin/courses/471_graphics/programs/CmakeCompile/Lab5_Revise/Project/CMakeFiles/CMakeTmp/CMakeFiles 1]
  ignore line: [Building CXX object CMakeFiles/cmTryCompileExec1346629761.dir/CMakeCXXCompilerABI.cpp.o]
  ignore line: [/usr/bin/c++     -o CMakeFiles/cmTryCompileExec1346629761.dir/CMakeCXXCompilerABI.cpp.o -c "/Applications/CMake 2.8-10.app/Contents/share/cmake-2.8/Modules/CMakeCXXCompilerABI.cpp"]
  ignore line: [Linking CXX executable cmTryCompileExec1346629761]
  ignore line: ["/Applications/CMake 2.8-10.app/Contents/bin/cmake" -E cmake_link_script CMakeFiles/cmTryCompileExec1346629761.dir/link.txt --verbose=1]
  ignore line: [/usr/bin/c++       -Wl,-search_paths_first -Wl,-headerpad_max_install_names -v CMakeFiles/cmTryCompileExec1346629761.dir/CMakeCXXCompilerABI.cpp.o  -o cmTryCompileExec1346629761   ]
  ignore line: [Apple clang version 4.1 (tags/Apple/clang-421.11.66) (based on LLVM 3.1svn)]
  ignore line: [Target: x86_64-apple-darwin12.5.0]
  ignore line: [Thread model: posix]
  link line: [ "/usr/bin/ld" -demangle -dynamic -arch x86_64 -macosx_version_min 10.8.0 -o cmTryCompileExec1346629761 -search_paths_first -headerpad_max_install_names CMakeFiles/cmTryCompileExec1346629761.dir/CMakeCXXCompilerABI.cpp.o -lstdc++ -lSystem /usr/bin/../lib/clang/4.1/lib/darwin/libclang_rt.osx.a]
    arg [/usr/bin/ld] ==> ignore
    arg [-demangle] ==> ignore
    arg [-dynamic] ==> ignore
    arg [-arch] ==> ignore
    arg [x86_64] ==> ignore
    arg [-macosx_version_min] ==> ignore
    arg [10.8.0] ==> ignore
    arg [-o] ==> ignore
    arg [cmTryCompileExec1346629761] ==> ignore
    arg [-search_paths_first] ==> ignore
    arg [-headerpad_max_install_names] ==> ignore
    arg [CMakeFiles/cmTryCompileExec1346629761.dir/CMakeCXXCompilerABI.cpp.o] ==> ignore
    arg [-lstdc++] ==> lib [stdc++]
    arg [-lSystem] ==> lib [System]
    arg [/usr/bin/../lib/clang/4.1/lib/darwin/libclang_rt.osx.a] ==> lib [/usr/bin/../lib/clang/4.1/lib/darwin/libclang_rt.osx.a]
  remove lib [System]
  implicit libs: [stdc++;/usr/bin/../lib/clang/4.1/lib/darwin/libclang_rt.osx.a]
  implicit dirs: []


Determining if files pthread.h exist passed with the following output:
Change Dir: /Users/cscadmin/courses/471_graphics/programs/CmakeCompile/Lab5_Revise/Project/CMakeFiles/CMakeTmp

Run Build Command:/usr/bin/make "cmTryCompileExec3701403730/fast"
/usr/bin/make -f CMakeFiles/cmTryCompileExec3701403730.dir/build.make CMakeFiles/cmTryCompileExec3701403730.dir/build
"/Applications/CMake 2.8-10.app/Contents/bin/cmake" -E cmake_progress_report /Users/cscadmin/courses/471_graphics/programs/CmakeCompile/Lab5_Revise/Project/CMakeFiles/CMakeTmp/CMakeFiles 1
Building C object CMakeFiles/cmTryCompileExec3701403730.dir/CheckIncludeFiles.c.o
/usr/bin/cc    -o CMakeFiles/cmTryCompileExec3701403730.dir/CheckIncludeFiles.c.o   -c /Users/cscadmin/courses/471_graphics/programs/CmakeCompile/Lab5_Revise/Project/CMakeFiles/CMakeTmp/CheckIncludeFiles.c
Linking C executable cmTryCompileExec3701403730
"/Applications/CMake 2.8-10.app/Contents/bin/cmake" -E cmake_link_script CMakeFiles/cmTryCompileExec3701403730.dir/link.txt --verbose=1
/usr/bin/cc      -Wl,-search_paths_first -Wl,-headerpad_max_install_names   CMakeFiles/cmTryCompileExec3701403730.dir/CheckIncludeFiles.c.o  -o cmTryCompileExec3701403730  


Determining if the pthread_create exist passed with the following output:
Change Dir: /Users/cscadmin/courses/471_graphics/programs/CmakeCompile/Lab5_Revise/Project/CMakeFiles/CMakeTmp

Run Build Command:/usr/bin/make "cmTryCompileExec881717104/fast"
/usr/bin/make -f CMakeFiles/cmTryCompileExec881717104.dir/build.make CMakeFiles/cmTryCompileExec881717104.dir/build
"/Applications/CMake 2.8-10.app/Contents/bin/cmake" -E cmake_progress_report /Users/cscadmin/courses/471_graphics/programs/CmakeCompile/Lab5_Revise/Project/CMakeFiles/CMakeTmp/CMakeFiles 1
Building C object CMakeFiles/cmTryCompileExec881717104.dir/CheckSymbolExists.c.o
/usr/bin/cc    -o CMakeFiles/cmTryCompileExec881717104.dir/CheckSymbolExists.c.o   -c /Users/cscadmin/courses/471_graphics/programs/CmakeCompile/Lab5_Revise/Project/CMakeFiles/CMakeTmp/CheckSymbolExists.c
Linking C executable cmTryCompileExec881717104
"/Applications/CMake 2.8-10.app/Contents/bin/cmake" -E cmake_link_script CMakeFiles/cmTryCompileExec881717104.dir/link.txt --verbose=1
/usr/bin/cc      -Wl,-search_paths_first -Wl,-headerpad_max_install_names   CMakeFiles/cmTryCompileExec881717104.dir/CheckSymbolExists.c.o  -o cmTryCompileExec881717104  

File /Users/cscadmin/courses/471_graphics/programs/CmakeCompile/Lab5_Revise/Project/CMakeFiles/CMakeTmp/CheckSymbolExists.c:
/* */
#include <pthread.h>

int main(int argc, char** argv)
{
  (void)argv;
#ifndef pthread_create
  return ((int*)(&pthread_create))[argc];
#else
  (void)argc;
  return 0;
#endif
}

The system is: Linux - 3.13.0-49-generic - x86_64
Compiling the C compiler identification source file "CMakeCCompilerId.c" succeeded.
Compiler: /usr/bin/cc 
Build flags: 
Id flags: 

The output was:
0


Compilation of the C compiler identification source "CMakeCCompilerId.c" produced "a.out"

The C compiler identification is GNU, found in "/home/christopher/git/Hear-No-Evil-See-No-Evil/CMakeFiles/2.8.12.2/CompilerIdC/a.out"

Compiling the CXX compiler identification source file "CMakeCXXCompilerId.cpp" succeeded.
Compiler: /usr/bin/c++ 
Build flags: 
Id flags: 

The output was:
0


Compilation of the CXX compiler identification source "CMakeCXXCompilerId.cpp" produced "a.out"

The CXX compiler identification is GNU, found in "/home/christopher/git/Hear-No-Evil-See-No-Evil/CMakeFiles/2.8.12.2/CompilerIdCXX/a.out"

Determining if the C compiler works passed with the following output:
Change Dir: /home/christopher/git/Hear-No-Evil-See-No-Evil/CMakeFiles/CMakeTmp

Run Build Command:/usr/bin/make "cmTryCompileExec4213005565/fast"
/usr/bin/make -f CMakeFiles/cmTryCompileExec4213005565.dir/build.make CMakeFiles/cmTryCompileExec4213005565.dir/build
make[1]: Entering directory `/home/christopher/git/Hear-No-Evil-See-No-Evil/CMakeFiles/CMakeTmp'
/usr/bin/cmake -E cmake_progress_report /home/christopher/git/Hear-No-Evil-See-No-Evil/CMakeFiles/CMakeTmp/CMakeFiles 1
Building C object CMakeFiles/cmTryCompileExec4213005565.dir/testCCompiler.c.o
/usr/bin/cc    -o CMakeFiles/cmTryCompileExec4213005565.dir/testCCompiler.c.o   -c /home/christopher/git/Hear-No-Evil-See-No-Evil/CMakeFiles/CMakeTmp/testCCompiler.c
Linking C executable cmTryCompileExec4213005565
/usr/bin/cmake -E cmake_link_script CMakeFiles/cmTryCompileExec4213005565.dir/link.txt --verbose=1
/usr/bin/cc       CMakeFiles/cmTryCompileExec4213005565.dir/testCCompiler.c.o  -o cmTryCompileExec4213005565 -rdynamic 
make[1]: Leaving directory `/home/christopher/git/Hear-No-Evil-See-No-Evil/CMakeFiles/CMakeTmp'


Detecting C compiler ABI info compiled with the following output:
Change Dir: /home/christopher/git/Hear-No-Evil-See-No-Evil/CMakeFiles/CMakeTmp

Run Build Command:/usr/bin/make "cmTryCompileExec68857635/fast"
/usr/bin/make -f CMakeFiles/cmTryCompileExec68857635.dir/build.make CMakeFiles/cmTryCompileExec68857635.dir/build
make[1]: Entering directory `/home/christopher/git/Hear-No-Evil-See-No-Evil/CMakeFiles/CMakeTmp'
/usr/bin/cmake -E cmake_progress_report /home/christopher/git/Hear-No-Evil-See-No-Evil/CMakeFiles/CMakeTmp/CMakeFiles 1
Building C object CMakeFiles/cmTryCompileExec68857635.dir/CMakeCCompilerABI.c.o
/usr/bin/cc    -o CMakeFiles/cmTryCompileExec68857635.dir/CMakeCCompilerABI.c.o   -c /usr/share/cmake-2.8/Modules/CMakeCCompilerABI.c
Linking C executable cmTryCompileExec68857635
/usr/bin/cmake -E cmake_link_script CMakeFiles/cmTryCompileExec68857635.dir/link.txt --verbose=1
/usr/bin/cc     -v CMakeFiles/cmTryCompileExec68857635.dir/CMakeCCompilerABI.c.o  -o cmTryCompileExec68857635 -rdynamic  
Using built-in specs.
COLLECT_GCC=/usr/bin/cc
COLLECT_LTO_WRAPPER=/usr/lib/gcc/x86_64-linux-gnu/4.8/lto-wrapper
Target: x86_64-linux-gnu
Configured with: ../src/configure -v --with-pkgversion='Ubuntu 4.8.2-19ubuntu1' --with-bugurl=file:///usr/share/doc/gcc-4.8/README.Bugs --enable-languages=c,c++,java,go,d,fortran,objc,obj-c++ --prefix=/usr --program-suffix=-4.8 --enable-shared --enable-linker-build-id --libexecdir=/usr/lib --without-included-gettext --enable-threads=posix --with-gxx-include-dir=/usr/include/c++/4.8 --libdir=/usr/lib --enable-nls --with-sysroot=/ --enable-clocale=gnu --enable-libstdcxx-debug --enable-libstdcxx-time=yes --enable-gnu-unique-object --disable-libmudflap --enable-plugin --with-system-zlib --disable-browser-plugin --enable-java-awt=gtk --enable-gtk-cairo --with-java-home=/usr/lib/jvm/java-1.5.0-gcj-4.8-amd64/jre --enable-java-home --with-jvm-root-dir=/usr/lib/jvm/java-1.5.0-gcj-4.8-amd64 --with-jvm-jar-dir=/usr/lib/jvm-exports/java-1.5.0-gcj-4.8-amd64 --with-arch-directory=amd64 --with-ecj-jar=/usr/share/java/eclipse-ecj.jar --enable-objc-gc --enable-multiarch --disable-werror --with-arch-32=i686 --with-abi=m64 --with-multilib-list=m32,m64,mx32 --with-tune=generic --enable-checking=release --build=x86_64-linux-gnu --host=x86_64-linux-gnu --target=x86_64-linux-gnu
Thread model: posix
gcc version 4.8.2 (Ubuntu 4.8.2-19ubuntu1) 
COMPILER_PATH=/usr/lib/gcc/x86_64-linux-gnu/4.8/:/usr/lib/gcc/x86_64-linux-gnu/4.8/:/usr/lib/gcc/x86_64-linux-gnu/:/usr/lib/gcc/x86_64-linux-gnu/4.8/:/usr/lib/gcc/x86_64-linux-gnu/
LIBRARY_PATH=/usr/lib/gcc/x86_64-linux-gnu/4.8/:/usr/lib/gcc/x86_64-linux-gnu/4.8/../../../x86_64-linux-gnu/:/usr/lib/gcc/x86_64-linux-gnu/4.8/../../../../lib/:/lib/x86_64-linux-gnu/:/lib/../lib/:/usr/lib/x86_64-linux-gnu/:/usr/lib/../lib/:/opt/intel/composer_xe_2015.2.164/compiler/lib/intel64/:/opt/intel/composer_xe_2015.2.164/ipp/../compiler/lib/intel64/:/opt/intel/composer_xe_2015.2.164/ipp/lib/intel64/:/opt/intel/composer_xe_2015.2.164/compiler/lib/intel64/:/opt/intel/composer_xe_2015.2.164/mkl/lib/intel64/:/opt/intel/composer_xe_2015.2.164/tbb/lib/intel64/gcc4.4/:/usr/lib/gcc/x86_64-linux-gnu/4.8/../../../:/lib/:/usr/lib/
COLLECT_GCC_OPTIONS='-v' '-o' 'cmTryCompileExec68857635' '-rdynamic' '-mtune=generic' '-march=x86-64'
 /usr/lib/gcc/x86_64-linux-gnu/4.8/collect2 --sysroot=/ --build-id --eh-frame-hdr -m elf_x86_64 --hash-style=gnu --as-needed -export-dynamic -dynamic-linker /lib64/ld-linux-x86-64.so.2 -z relro -o cmTryCompileExec68857635 /usr/lib/gcc/x86_64-linux-gnu/4.8/../../../x86_64-linux-gnu/crt1.o /usr/lib/gcc/x86_64-linux-gnu/4.8/../../../x86_64-linux-gnu/crti.o /usr/lib/gcc/x86_64-linux-gnu/4.8/crtbegin.o -L/usr/lib/gcc/x86_64-linux-gnu/4.8 -L/usr/lib/gcc/x86_64-linux-gnu/4.8/../../../x86_64-linux-gnu -L/usr/lib/gcc/x86_64-linux-gnu/4.8/../../../../lib -L/lib/x86_64-linux-gnu -L/lib/../lib -L/usr/lib/x86_64-linux-gnu -L/usr/lib/../lib -L/opt/intel/composer_xe_2015.2.164/compiler/lib/intel64 -L/opt/intel/composer_xe_2015.2.164/ipp/../compiler/lib/intel64 -L/opt/intel/composer_xe_2015.2.164/ipp/lib/intel64 -L/opt/intel/composer_xe_2015.2.164/compiler/lib/intel64 -L/opt/intel/composer_xe_2015.2.164/mkl/lib/intel64 -L/opt/intel/composer_xe_2015.2.164/tbb/lib/intel64/gcc4.4 -L/usr/lib/gcc/x86_64-linux-gnu/4.8/../../.. CMakeFiles/cmTryCompileExec68857635.dir/CMakeCCompilerABI.c.o -lgcc --as-needed -lgcc_s --no-as-needed -lc -lgcc --as-needed -lgcc_s --no-as-needed /usr/lib/gcc/x86_64-linux-gnu/4.8/crtend.o /usr/lib/gcc/x86_64-linux-gnu/4.8/../../../x86_64-linux-gnu/crtn.o
make[1]: Leaving directory `/home/christopher/git/Hear-No-Evil-See-No-Evil/CMakeFiles/CMakeTmp'


Parsed C implicit link information from above output:
  link line regex: [^( *|.*[/\])(ld|([^/\]+-)?ld|collect2)[^/\]*( |$)]
  ignore line: [Change Dir: /home/christopher/git/Hear-No-Evil-See-No-Evil/CMakeFiles/CMakeTmp]
  ignore line: []
  ignore line: [Run Build Command:/usr/bin/make "cmTryCompileExec68857635/fast"]
  ignore line: [/usr/bin/make -f CMakeFiles/cmTryCompileExec68857635.dir/build.make CMakeFiles/cmTryCompileExec68857635.dir/build]
  ignore line: [make[1]: Entering directory `/home/christopher/git/Hear-No-Evil-See-No-Evil/CMakeFiles/CMakeTmp']
  ignore line: [/usr/bin/cmake -E cmake_progress_report /home/christopher/git/Hear-No-Evil-See-No-Evil/CMakeFiles/CMakeTmp/CMakeFiles 1]
  ignore line: [Building C object CMakeFiles/cmTryCompileExec68857635.dir/CMakeCCompilerABI.c.o]
  ignore line: [/usr/bin/cc    -o CMakeFiles/cmTryCompileExec68857635.dir/CMakeCCompilerABI.c.o   -c /usr/share/cmake-2.8/Modules/CMakeCCompilerABI.c]
  ignore line: [Linking C executable cmTryCompileExec68857635]
  ignore line: [/usr/bin/cmake -E cmake_link_script CMakeFiles/cmTryCompileExec68857635.dir/link.txt --verbose=1]
  ignore line: [/usr/bin/cc     -v CMakeFiles/cmTryCompileExec68857635.dir/CMakeCCompilerABI.c.o  -o cmTryCompileExec68857635 -rdynamic  ]
  ignore line: [Using built-in specs.]
  ignore line: [COLLECT_GCC=/usr/bin/cc]
  ignore line: [COLLECT_LTO_WRAPPER=/usr/lib/gcc/x86_64-linux-gnu/4.8/lto-wrapper]
  ignore line: [Target: x86_64-linux-gnu]
  ignore line: [Configured with: ../src/configure -v --with-pkgversion='Ubuntu 4.8.2-19ubuntu1' --with-bugurl=file:///usr/share/doc/gcc-4.8/README.Bugs --enable-languages=c,c++,java,go,d,fortran,objc,obj-c++ --prefix=/usr --program-suffix=-4.8 --enable-shared --enable-linker-build-id --libexecdir=/usr/lib --without-included-gettext --enable-threads=posix --with-gxx-include-dir=/usr/include/c++/4.8 --libdir=/usr/lib --enable-nls --with-sysroot=/ --enable-clocale=gnu --enable-libstdcxx-debug --enable-libstdcxx-time=yes --enable-gnu-unique-object --disable-libmudflap --enable-plugin --with-system-zlib --disable-browser-plugin --enable-java-awt=gtk --enable-gtk-cairo --with-java-home=/usr/lib/jvm/java-1.5.0-gcj-4.8-amd64/jre --enable-java-home --with-jvm-root-dir=/usr/lib/jvm/java-1.5.0-gcj-4.8-amd64 --with-jvm-jar-dir=/usr/lib/jvm-exports/java-1.5.0-gcj-4.8-amd64 --with-arch-directory=amd64 --with-ecj-jar=/usr/share/java/eclipse-ecj.jar --enable-objc-gc --enable-multiarch --disable-werror --with-arch-32=i686 --with-abi=m64 --with-multilib-list=m32,m64,mx32 --with-tune=generic --enable-checking=release --build=x86_64-linux-gnu --host=x86_64-linux-gnu --target=x86_64-linux-gnu]
  ignore line: [Thread model: posix]
  ignore line: [gcc version 4.8.2 (Ubuntu 4.8.2-19ubuntu1) ]
  ignore line: [COMPILER_PATH=/usr/lib/gcc/x86_64-linux-gnu/4.8/:/usr/lib/gcc/x86_64-linux-gnu/4.8/:/usr/lib/gcc/x86_64-linux-gnu/:/usr/lib/gcc/x86_64-linux-gnu/4.8/:/usr/lib/gcc/x86_64-linux-gnu/]
  ignore line: [LIBRARY_PATH=/usr/lib/gcc/x86_64-linux-gnu/4.8/:/usr/lib/gcc/x86_64-linux-gnu/4.8/../../../x86_64-linux-gnu/:/usr/lib/gcc/x86_64-linux-gnu/4.8/../../../../lib/:/lib/x86_64-linux-gnu/:/lib/../lib/:/usr/lib/x86_64-linux-gnu/:/usr/lib/../lib/:/opt/intel/composer_xe_2015.2.164/compiler/lib/intel64/:/opt/intel/composer_xe_2015.2.164/ipp/../compiler/lib/intel64/:/opt/intel/composer_xe_2015.2.164/ipp/lib/intel64/:/opt/intel/composer_xe_2015.2.164/compiler/lib/intel64/:/opt/intel/composer_xe_2015.2.164/mkl/lib/intel64/:/opt/intel/composer_xe_2015.2.164/tbb/lib/intel64/gcc4.4/:/usr/lib/gcc/x86_64-linux-gnu/4.8/../../../:/lib/:/usr/lib/]
  ignore line: [COLLECT_GCC_OPTIONS='-v' '-o' 'cmTryCompileExec68857635' '-rdynamic' '-mtune=generic' '-march=x86-64']
  link line: [ /usr/lib/gcc/x86_64-linux-gnu/4.8/collect2 --sysroot=/ --build-id --eh-frame-hdr -m elf_x86_64 --hash-style=gnu --as-needed -export-dynamic -dynamic-linker /lib64/ld-linux-x86-64.so.2 -z relro -o cmTryCompileExec68857635 /usr/lib/gcc/x86_64-linux-gnu/4.8/../../../x86_64-linux-gnu/crt1.o /usr/lib/gcc/x86_64-linux-gnu/4.8/../../../x86_64-linux-gnu/crti.o /usr/lib/gcc/x86_64-linux-gnu/4.8/crtbegin.o -L/usr/lib/gcc/x86_64-linux-gnu/4.8 -L/usr/lib/gcc/x86_64-linux-gnu/4.8/../../../x86_64-linux-gnu -L/usr/lib/gcc/x86_64-linux-gnu/4.8/../../../../lib -L/lib/x86_64-linux-gnu -L/lib/../lib -L/usr/lib/x86_64-linux-gnu -L/usr/lib/../lib -L/opt/intel/composer_xe_2015.2.164/compiler/lib/intel64 -L/opt/intel/composer_xe_2015.2.164/ipp/../compiler/lib/intel64 -L/opt/intel/composer_xe_2015.2.164/ipp/lib/intel64 -L/opt/intel/composer_xe_2015.2.164/compiler/lib/intel64 -L/opt/intel/composer_xe_2015.2.164/mkl/lib/intel64 -L/opt/intel/composer_xe_2015.2.164/tbb/lib/intel64/gcc4.4 -L/usr/lib/gcc/x86_64-linux-gnu/4.8/../../.. CMakeFiles/cmTryCompileExec68857635.dir/CMakeCCompilerABI.c.o -lgcc --as-needed -lgcc_s --no-as-needed -lc -lgcc --as-needed -lgcc_s --no-as-needed /usr/lib/gcc/x86_64-linux-gnu/4.8/crtend.o /usr/lib/gcc/x86_64-linux-gnu/4.8/../../../x86_64-linux-gnu/crtn.o]
    arg [/usr/lib/gcc/x86_64-linux-gnu/4.8/collect2] ==> ignore
    arg [--sysroot=/] ==> ignore
    arg [--build-id] ==> ignore
    arg [--eh-frame-hdr] ==> ignore
    arg [-m] ==> ignore
    arg [elf_x86_64] ==> ignore
    arg [--hash-style=gnu] ==> ignore
    arg [--as-needed] ==> ignore
    arg [-export-dynamic] ==> ignore
    arg [-dynamic-linker] ==> ignore
    arg [/lib64/ld-linux-x86-64.so.2] ==> ignore
    arg [-zrelro] ==> ignore
    arg [-o] ==> ignore
    arg [cmTryCompileExec68857635] ==> ignore
    arg [/usr/lib/gcc/x86_64-linux-gnu/4.8/../../../x86_64-linux-gnu/crt1.o] ==> ignore
    arg [/usr/lib/gcc/x86_64-linux-gnu/4.8/../../../x86_64-linux-gnu/crti.o] ==> ignore
    arg [/usr/lib/gcc/x86_64-linux-gnu/4.8/crtbegin.o] ==> ignore
    arg [-L/usr/lib/gcc/x86_64-linux-gnu/4.8] ==> dir [/usr/lib/gcc/x86_64-linux-gnu/4.8]
    arg [-L/usr/lib/gcc/x86_64-linux-gnu/4.8/../../../x86_64-linux-gnu] ==> dir [/usr/lib/gcc/x86_64-linux-gnu/4.8/../../../x86_64-linux-gnu]
    arg [-L/usr/lib/gcc/x86_64-linux-gnu/4.8/../../../../lib] ==> dir [/usr/lib/gcc/x86_64-linux-gnu/4.8/../../../../lib]
    arg [-L/lib/x86_64-linux-gnu] ==> dir [/lib/x86_64-linux-gnu]
    arg [-L/lib/../lib] ==> dir [/lib/../lib]
    arg [-L/usr/lib/x86_64-linux-gnu] ==> dir [/usr/lib/x86_64-linux-gnu]
    arg [-L/usr/lib/../lib] ==> dir [/usr/lib/../lib]
    arg [-L/opt/intel/composer_xe_2015.2.164/compiler/lib/intel64] ==> dir [/opt/intel/composer_xe_2015.2.164/compiler/lib/intel64]
    arg [-L/opt/intel/composer_xe_2015.2.164/ipp/../compiler/lib/intel64] ==> dir [/opt/intel/composer_xe_2015.2.164/ipp/../compiler/lib/intel64]
    arg [-L/opt/intel/composer_xe_2015.2.164/ipp/lib/intel64] ==> dir [/opt/intel/composer_xe_2015.2.164/ipp/lib/intel64]
    arg [-L/opt/intel/composer_xe_2015.2.164/compiler/lib/intel64] ==> dir [/opt/intel/composer_xe_2015.2.164/compiler/lib/intel64]
    arg [-L/opt/intel/composer_xe_2015.2.164/mkl/lib/intel64] ==> dir [/opt/intel/composer_xe_2015.2.164/mkl/lib/intel64]
    arg [-L/opt/intel/composer_xe_2015.2.164/tbb/lib/intel64/gcc4.4] ==> dir [/opt/intel/composer_xe_2015.2.164/tbb/lib/intel64/gcc4.4]
    arg [-L/usr/lib/gcc/x86_64-linux-gnu/4.8/../../..] ==> dir [/usr/lib/gcc/x86_64-linux-gnu/4.8/../../..]
    arg [CMakeFiles/cmTryCompileExec68857635.dir/CMakeCCompilerABI.c.o] ==> ignore
    arg [-lgcc] ==> lib [gcc]
    arg [--as-needed] ==> ignore
    arg [-lgcc_s] ==> lib [gcc_s]
    arg [--no-as-needed] ==> ignore
    arg [-lc] ==> lib [c]
    arg [-lgcc] ==> lib [gcc]
    arg [--as-needed] ==> ignore
    arg [-lgcc_s] ==> lib [gcc_s]
    arg [--no-as-needed] ==> ignore
    arg [/usr/lib/gcc/x86_64-linux-gnu/4.8/crtend.o] ==> ignore
    arg [/usr/lib/gcc/x86_64-linux-gnu/4.8/../../../x86_64-linux-gnu/crtn.o] ==> ignore
  remove lib [gcc]
  remove lib [gcc_s]
  remove lib [gcc]
  remove lib [gcc_s]
  collapse library dir [/usr/lib/gcc/x86_64-linux-gnu/4.8] ==> [/usr/lib/gcc/x86_64-linux-gnu/4.8]
  collapse library dir [/usr/lib/gcc/x86_64-linux-gnu/4.8/../../../x86_64-linux-gnu] ==> [/usr/lib/x86_64-linux-gnu]
  collapse library dir [/usr/lib/gcc/x86_64-linux-gnu/4.8/../../../../lib] ==> [/usr/lib]
  collapse library dir [/lib/x86_64-linux-gnu] ==> [/lib/x86_64-linux-gnu]
  collapse library dir [/lib/../lib] ==> [/lib]
  collapse library dir [/usr/lib/x86_64-linux-gnu] ==> [/usr/lib/x86_64-linux-gnu]
  collapse library dir [/usr/lib/../lib] ==> [/usr/lib]
  collapse library dir [/opt/intel/composer_xe_2015.2.164/compiler/lib/intel64] ==> [/opt/intel/composer_xe_2015.2.164/compiler/lib/intel64]
  collapse library dir [/opt/intel/composer_xe_2015.2.164/ipp/../compiler/lib/intel64] ==> [/opt/intel/composer_xe_2015.2.164/compiler/lib/intel64]
  collapse library dir [/opt/intel/composer_xe_2015.2.164/ipp/lib/intel64] ==> [/opt/intel/composer_xe_2015.2.164/ipp/lib/intel64]
  collapse library dir [/opt/intel/composer_xe_2015.2.164/compiler/lib/intel64] ==> [/opt/intel/composer_xe_2015.2.164/compiler/lib/intel64]
  collapse library dir [/opt/intel/composer_xe_2015.2.164/mkl/lib/intel64] ==> [/opt/intel/composer_xe_2015.2.164/mkl/lib/intel64]
  collapse library dir [/opt/intel/composer_xe_2015.2.164/tbb/lib/intel64/gcc4.4] ==> [/opt/intel/composer_xe_2015.2.164/tbb/lib/intel64/gcc4.4]
  collapse library dir [/usr/lib/gcc/x86_64-linux-gnu/4.8/../../..] ==> [/usr/lib]
  implicit libs: [c]
  implicit dirs: [/usr/lib/gcc/x86_64-linux-gnu/4.8;/usr/lib/x86_64-linux-gnu;/usr/lib;/lib/x86_64-linux-gnu;/lib;/opt/intel/composer_xe_2015.2.164/compiler/lib/intel64;/opt/intel/composer_xe_2015.2.164/ipp/lib/intel64;/opt/intel/composer_xe_2015.2.164/mkl/lib/intel64;/opt/intel/composer_xe_2015.2.164/tbb/lib/intel64/gcc4.4]
  implicit fwks: []


Determining if the CXX compiler works passed with the following output:
Change Dir: /home/christopher/git/Hear-No-Evil-See-No-Evil/CMakeFiles/CMakeTmp

Run Build Command:/usr/bin/make "cmTryCompileExec3407239921/fast"
/usr/bin/make -f CMakeFiles/cmTryCompileExec3407239921.dir/build.make CMakeFiles/cmTryCompileExec3407239921.dir/build
make[1]: Entering directory `/home/christopher/git/Hear-No-Evil-See-No-Evil/CMakeFiles/CMakeTmp'
/usr/bin/cmake -E cmake_progress_report /home/christopher/git/Hear-No-Evil-See-No-Evil/CMakeFiles/CMakeTmp/CMakeFiles 1
Building CXX object CMakeFiles/cmTryCompileExec3407239921.dir/testCXXCompiler.cxx.o
/usr/bin/c++     -o CMakeFiles/cmTryCompileExec3407239921.dir/testCXXCompiler.cxx.o -c /home/christopher/git/Hear-No-Evil-See-No-Evil/CMakeFiles/CMakeTmp/testCXXCompiler.cxx
Linking CXX executable cmTryCompileExec3407239921
/usr/bin/cmake -E cmake_link_script CMakeFiles/cmTryCompileExec3407239921.dir/link.txt --verbose=1
/usr/bin/c++        CMakeFiles/cmTryCompileExec3407239921.dir/testCXXCompiler.cxx.o  -o cmTryCompileExec3407239921 -rdynamic 
make[1]: Leaving directory `/home/christopher/git/Hear-No-Evil-See-No-Evil/CMakeFiles/CMakeTmp'


Detecting CXX compiler ABI info compiled with the following output:
Change Dir: /home/christopher/git/Hear-No-Evil-See-No-Evil/CMakeFiles/CMakeTmp

Run Build Command:/usr/bin/make "cmTryCompileExec2408071528/fast"
/usr/bin/make -f CMakeFiles/cmTryCompileExec2408071528.dir/build.make CMakeFiles/cmTryCompileExec2408071528.dir/build
make[1]: Entering directory `/home/christopher/git/Hear-No-Evil-See-No-Evil/CMakeFiles/CMakeTmp'
/usr/bin/cmake -E cmake_progress_report /home/christopher/git/Hear-No-Evil-See-No-Evil/CMakeFiles/CMakeTmp/CMakeFiles 1
Building CXX object CMakeFiles/cmTryCompileExec2408071528.dir/CMakeCXXCompilerABI.cpp.o
/usr/bin/c++     -o CMakeFiles/cmTryCompileExec2408071528.dir/CMakeCXXCompilerABI.cpp.o -c /usr/share/cmake-2.8/Modules/CMakeCXXCompilerABI.cpp
Linking CXX executable cmTryCompileExec2408071528
/usr/bin/cmake -E cmake_link_script CMakeFiles/cmTryCompileExec2408071528.dir/link.txt --verbose=1
/usr/bin/c++      -v CMakeFiles/cmTryCompileExec2408071528.dir/CMakeCXXCompilerABI.cpp.o  -o cmTryCompileExec2408071528 -rdynamic  
Using built-in specs.
COLLECT_GCC=/usr/bin/c++
COLLECT_LTO_WRAPPER=/usr/lib/gcc/x86_64-linux-gnu/4.8/lto-wrapper
Target: x86_64-linux-gnu
Configured with: ../src/configure -v --with-pkgversion='Ubuntu 4.8.2-19ubuntu1' --with-bugurl=file:///usr/share/doc/gcc-4.8/README.Bugs --enable-languages=c,c++,java,go,d,fortran,objc,obj-c++ --prefix=/usr --program-suffix=-4.8 --enable-shared --enable-linker-build-id --libexecdir=/usr/lib --without-included-gettext --enable-threads=posix --with-gxx-include-dir=/usr/include/c++/4.8 --libdir=/usr/lib --enable-nls --with-sysroot=/ --enable-clocale=gnu --enable-libstdcxx-debug --enable-libstdcxx-time=yes --enable-gnu-unique-object --disable-libmudflap --enable-plugin --with-system-zlib --disable-browser-plugin --enable-java-awt=gtk --enable-gtk-cairo --with-java-home=/usr/lib/jvm/java-1.5.0-gcj-4.8-amd64/jre --enable-java-home --with-jvm-root-dir=/usr/lib/jvm/java-1.5.0-gcj-4.8-amd64 --with-jvm-jar-dir=/usr/lib/jvm-exports/java-1.5.0-gcj-4.8-amd64 --with-arch-directory=amd64 --with-ecj-jar=/usr/share/java/eclipse-ecj.jar --enable-objc-gc --enable-multiarch --disable-werror --with-arch-32=i686 --with-abi=m64 --with-multilib-list=m32,m64,mx32 --with-tune=generic --enable-checking=release --build=x86_64-linux-gnu --host=x86_64-linux-gnu --target=x86_64-linux-gnu
Thread model: posix
gcc version 4.8.2 (Ubuntu 4.8.2-19ubuntu1) 
COMPILER_PATH=/usr/lib/gcc/x86_64-linux-gnu/4.8/:/usr/lib/gcc/x86_64-linux-gnu/4.8/:/usr/lib/gcc/x86_64-linux-gnu/:/usr/lib/gcc/x86_64-linux-gnu/4.8/:/usr/lib/gcc/x86_64-linux-gnu/
LIBRARY_PATH=/usr/lib/gcc/x86_64-linux-gnu/4.8/:/usr/lib/gcc/x86_64-linux-gnu/4.8/../../../x86_64-linux-gnu/:/usr/lib/gcc/x86_64-linux-gnu/4.8/../../../../lib/:/lib/x86_64-linux-gnu/:/lib/../lib/:/usr/lib/x86_64-linux-gnu/:/usr/lib/../lib/:/opt/intel/composer_xe_2015.2.164/compiler/lib/intel64/:/opt/intel/composer_xe_2015.2.164/ipp/../compiler/lib/intel64/:/opt/intel/composer_xe_2015.2.164/ipp/lib/intel64/:/opt/intel/composer_xe_2015.2.164/compiler/lib/intel64/:/opt/intel/composer_xe_2015.2.164/mkl/lib/intel64/:/opt/intel/composer_xe_2015.2.164/tbb/lib/intel64/gcc4.4/:/usr/lib/gcc/x86_64-linux-gnu/4.8/../../../:/lib/:/usr/lib/
COLLECT_GCC_OPTIONS='-v' '-o' 'cmTryCompileExec2408071528' '-rdynamic' '-shared-libgcc' '-mtune=generic' '-march=x86-64'
 /usr/lib/gcc/x86_64-linux-gnu/4.8/collect2 --sysroot=/ --build-id --eh-frame-hdr -m elf_x86_64 --hash-style=gnu --as-needed -export-dynamic -dynamic-linker /lib64/ld-linux-x86-64.so.2 -z relro -o cmTryCompileExec2408071528 /usr/lib/gcc/x86_64-linux-gnu/4.8/../../../x86_64-linux-gnu/crt1.o /usr/lib/gcc/x86_64-linux-gnu/4.8/../../../x86_64-linux-gnu/crti.o /usr/lib/gcc/x86_64-linux-gnu/4.8/crtbegin.o -L/usr/lib/gcc/x86_64-linux-gnu/4.8 -L/usr/lib/gcc/x86_64-linux-gnu/4.8/../../../x86_64-linux-gnu -L/usr/lib/gcc/x86_64-linux-gnu/4.8/../../../../lib -L/lib/x86_64-linux-gnu -L/lib/../lib -L/usr/lib/x86_64-linux-gnu -L/usr/lib/../lib -L/opt/intel/composer_xe_2015.2.164/compiler/lib/intel64 -L/opt/intel/composer_xe_2015.2.164/ipp/../compiler/lib/intel64 -L/opt/intel/composer_xe_2015.2.164/ipp/lib/intel64 -L/opt/intel/composer_xe_2015.2.164/compiler/lib/intel64 -L/opt/intel/composer_xe_2015.2.164/mkl/lib/intel64 -L/opt/intel/composer_xe_2015.2.164/tbb/lib/intel64/gcc4.4 -L/usr/lib/gcc/x86_64-linux-gnu/4.8/../../.. CMakeFiles/cmTryCompileExec2408071528.dir/CMakeCXXCompilerABI.cpp.o -lstdc++ -lm -lgcc_s -lgcc -lc -lgcc_s -lgcc /usr/lib/gcc/x86_64-linux-gnu/4.8/crtend.o /usr/lib/gcc/x86_64-linux-gnu/4.8/../../../x86_64-linux-gnu/crtn.o
make[1]: Leaving directory `/home/christopher/git/Hear-No-Evil-See-No-Evil/CMakeFiles/CMakeTmp'


Parsed CXX implicit link information from above output:
  link line regex: [^( *|.*[/\])(ld|([^/\]+-)?ld|collect2)[^/\]*( |$)]
  ignore line: [Change Dir: /home/christopher/git/Hear-No-Evil-See-No-Evil/CMakeFiles/CMakeTmp]
  ignore line: []
  ignore line: [Run Build Command:/usr/bin/make "cmTryCompileExec2408071528/fast"]
  ignore line: [/usr/bin/make -f CMakeFiles/cmTryCompileExec2408071528.dir/build.make CMakeFiles/cmTryCompileExec2408071528.dir/build]
  ignore line: [make[1]: Entering directory `/home/christopher/git/Hear-No-Evil-See-No-Evil/CMakeFiles/CMakeTmp']
  ignore line: [/usr/bin/cmake -E cmake_progress_report /home/christopher/git/Hear-No-Evil-See-No-Evil/CMakeFiles/CMakeTmp/CMakeFiles 1]
  ignore line: [Building CXX object CMakeFiles/cmTryCompileExec2408071528.dir/CMakeCXXCompilerABI.cpp.o]
  ignore line: [/usr/bin/c++     -o CMakeFiles/cmTryCompileExec2408071528.dir/CMakeCXXCompilerABI.cpp.o -c /usr/share/cmake-2.8/Modules/CMakeCXXCompilerABI.cpp]
  ignore line: [Linking CXX executable cmTryCompileExec2408071528]
  ignore line: [/usr/bin/cmake -E cmake_link_script CMakeFiles/cmTryCompileExec2408071528.dir/link.txt --verbose=1]
  ignore line: [/usr/bin/c++      -v CMakeFiles/cmTryCompileExec2408071528.dir/CMakeCXXCompilerABI.cpp.o  -o cmTryCompileExec2408071528 -rdynamic  ]
  ignore line: [Using built-in specs.]
  ignore line: [COLLECT_GCC=/usr/bin/c++]
  ignore line: [COLLECT_LTO_WRAPPER=/usr/lib/gcc/x86_64-linux-gnu/4.8/lto-wrapper]
  ignore line: [Target: x86_64-linux-gnu]
  ignore line: [Configured with: ../src/configure -v --with-pkgversion='Ubuntu 4.8.2-19ubuntu1' --with-bugurl=file:///usr/share/doc/gcc-4.8/README.Bugs --enable-languages=c,c++,java,go,d,fortran,objc,obj-c++ --prefix=/usr --program-suffix=-4.8 --enable-shared --enable-linker-build-id --libexecdir=/usr/lib --without-included-gettext --enable-threads=posix --with-gxx-include-dir=/usr/include/c++/4.8 --libdir=/usr/lib --enable-nls --with-sysroot=/ --enable-clocale=gnu --enable-libstdcxx-debug --enable-libstdcxx-time=yes --enable-gnu-unique-object --disable-libmudflap --enable-plugin --with-system-zlib --disable-browser-plugin --enable-java-awt=gtk --enable-gtk-cairo --with-java-home=/usr/lib/jvm/java-1.5.0-gcj-4.8-amd64/jre --enable-java-home --with-jvm-root-dir=/usr/lib/jvm/java-1.5.0-gcj-4.8-amd64 --with-jvm-jar-dir=/usr/lib/jvm-exports/java-1.5.0-gcj-4.8-amd64 --with-arch-directory=amd64 --with-ecj-jar=/usr/share/java/eclipse-ecj.jar --enable-objc-gc --enable-multiarch --disable-werror --with-arch-32=i686 --with-abi=m64 --with-multilib-list=m32,m64,mx32 --with-tune=generic --enable-checking=release --build=x86_64-linux-gnu --host=x86_64-linux-gnu --target=x86_64-linux-gnu]
  ignore line: [Thread model: posix]
  ignore line: [gcc version 4.8.2 (Ubuntu 4.8.2-19ubuntu1) ]
  ignore line: [COMPILER_PATH=/usr/lib/gcc/x86_64-linux-gnu/4.8/:/usr/lib/gcc/x86_64-linux-gnu/4.8/:/usr/lib/gcc/x86_64-linux-gnu/:/usr/lib/gcc/x86_64-linux-gnu/4.8/:/usr/lib/gcc/x86_64-linux-gnu/]
  ignore line: [LIBRARY_PATH=/usr/lib/gcc/x86_64-linux-gnu/4.8/:/usr/lib/gcc/x86_64-linux-gnu/4.8/../../../x86_64-linux-gnu/:/usr/lib/gcc/x86_64-linux-gnu/4.8/../../../../lib/:/lib/x86_64-linux-gnu/:/lib/../lib/:/usr/lib/x86_64-linux-gnu/:/usr/lib/../lib/:/opt/intel/composer_xe_2015.2.164/compiler/lib/intel64/:/opt/intel/composer_xe_2015.2.164/ipp/../compiler/lib/intel64/:/opt/intel/composer_xe_2015.2.164/ipp/lib/intel64/:/opt/intel/composer_xe_2015.2.164/compiler/lib/intel64/:/opt/intel/composer_xe_2015.2.164/mkl/lib/intel64/:/opt/intel/composer_xe_2015.2.164/tbb/lib/intel64/gcc4.4/:/usr/lib/gcc/x86_64-linux-gnu/4.8/../../../:/lib/:/usr/lib/]
  ignore line: [COLLECT_GCC_OPTIONS='-v' '-o' 'cmTryCompileExec2408071528' '-rdynamic' '-shared-libgcc' '-mtune=generic' '-march=x86-64']
  link line: [ /usr/lib/gcc/x86_64-linux-gnu/4.8/collect2 --sysroot=/ --build-id --eh-frame-hdr -m elf_x86_64 --hash-style=gnu --as-needed -export-dynamic -dynamic-linker /lib64/ld-linux-x86-64.so.2 -z relro -o cmTryCompileExec2408071528 /usr/lib/gcc/x86_64-linux-gnu/4.8/../../../x86_64-linux-gnu/crt1.o /usr/lib/gcc/x86_64-linux-gnu/4.8/../../../x86_64-linux-gnu/crti.o /usr/lib/gcc/x86_64-linux-gnu/4.8/crtbegin.o -L/usr/lib/gcc/x86_64-linux-gnu/4.8 -L/usr/lib/gcc/x86_64-linux-gnu/4.8/../../../x86_64-linux-gnu -L/usr/lib/gcc/x86_64-linux-gnu/4.8/../../../../lib -L/lib/x86_64-linux-gnu -L/lib/../lib -L/usr/lib/x86_64-linux-gnu -L/usr/lib/../lib -L/opt/intel/composer_xe_2015.2.164/compiler/lib/intel64 -L/opt/intel/composer_xe_2015.2.164/ipp/../compiler/lib/intel64 -L/opt/intel/composer_xe_2015.2.164/ipp/lib/intel64 -L/opt/intel/composer_xe_2015.2.164/compiler/lib/intel64 -L/opt/intel/composer_xe_2015.2.164/mkl/lib/intel64 -L/opt/intel/composer_xe_2015.2.164/tbb/lib/intel64/gcc4.4 -L/usr/lib/gcc/x86_64-linux-gnu/4.8/../../.. CMakeFiles/cmTryCompileExec2408071528.dir/CMakeCXXCompilerABI.cpp.o -lstdc++ -lm -lgcc_s -lgcc -lc -lgcc_s -lgcc /usr/lib/gcc/x86_64-linux-gnu/4.8/crtend.o /usr/lib/gcc/x86_64-linux-gnu/4.8/../../../x86_64-linux-gnu/crtn.o]
    arg [/usr/lib/gcc/x86_64-linux-gnu/4.8/collect2] ==> ignore
    arg [--sysroot=/] ==> ignore
    arg [--build-id] ==> ignore
    arg [--eh-frame-hdr] ==> ignore
    arg [-m] ==> ignore
    arg [elf_x86_64] ==> ignore
    arg [--hash-style=gnu] ==> ignore
    arg [--as-needed] ==> ignore
    arg [-export-dynamic] ==> ignore
    arg [-dynamic-linker] ==> ignore
    arg [/lib64/ld-linux-x86-64.so.2] ==> ignore
    arg [-zrelro] ==> ignore
    arg [-o] ==> ignore
    arg [cmTryCompileExec2408071528] ==> ignore
    arg [/usr/lib/gcc/x86_64-linux-gnu/4.8/../../../x86_64-linux-gnu/crt1.o] ==> ignore
    arg [/usr/lib/gcc/x86_64-linux-gnu/4.8/../../../x86_64-linux-gnu/crti.o] ==> ignore
    arg [/usr/lib/gcc/x86_64-linux-gnu/4.8/crtbegin.o] ==> ignore
    arg [-L/usr/lib/gcc/x86_64-linux-gnu/4.8] ==> dir [/usr/lib/gcc/x86_64-linux-gnu/4.8]
    arg [-L/usr/lib/gcc/x86_64-linux-gnu/4.8/../../../x86_64-linux-gnu] ==> dir [/usr/lib/gcc/x86_64-linux-gnu/4.8/../../../x86_64-linux-gnu]
    arg [-L/usr/lib/gcc/x86_64-linux-gnu/4.8/../../../../lib] ==> dir [/usr/lib/gcc/x86_64-linux-gnu/4.8/../../../../lib]
    arg [-L/lib/x86_64-linux-gnu] ==> dir [/lib/x86_64-linux-gnu]
    arg [-L/lib/../lib] ==> dir [/lib/../lib]
    arg [-L/usr/lib/x86_64-linux-gnu] ==> dir [/usr/lib/x86_64-linux-gnu]
    arg [-L/usr/lib/../lib] ==> dir [/usr/lib/../lib]
    arg [-L/opt/intel/composer_xe_2015.2.164/compiler/lib/intel64] ==> dir [/opt/intel/composer_xe_2015.2.164/compiler/lib/intel64]
    arg [-L/opt/intel/composer_xe_2015.2.164/ipp/../compiler/lib/intel64] ==> dir [/opt/intel/composer_xe_2015.2.164/ipp/../compiler/lib/intel64]
    arg [-L/opt/intel/composer_xe_2015.2.164/ipp/lib/intel64] ==> dir [/opt/intel/composer_xe_2015.2.164/ipp/lib/intel64]
    arg [-L/opt/intel/composer_xe_2015.2.164/compiler/lib/intel64] ==> dir [/opt/intel/composer_xe_2015.2.164/compiler/lib/intel64]
    arg [-L/opt/intel/composer_xe_2015.2.164/mkl/lib/intel64] ==> dir [/opt/intel/composer_xe_2015.2.164/mkl/lib/intel64]
    arg [-L/opt/intel/composer_xe_2015.2.164/tbb/lib/intel64/gcc4.4] ==> dir [/opt/intel/composer_xe_2015.2.164/tbb/lib/intel64/gcc4.4]
    arg [-L/usr/lib/gcc/x86_64-linux-gnu/4.8/../../..] ==> dir [/usr/lib/gcc/x86_64-linux-gnu/4.8/../../..]
    arg [CMakeFiles/cmTryCompileExec2408071528.dir/CMakeCXXCompilerABI.cpp.o] ==> ignore
    arg [-lstdc++] ==> lib [stdc++]
    arg [-lm] ==> lib [m]
    arg [-lgcc_s] ==> lib [gcc_s]
    arg [-lgcc] ==> lib [gcc]
    arg [-lc] ==> lib [c]
    arg [-lgcc_s] ==> lib [gcc_s]
    arg [-lgcc] ==> lib [gcc]
    arg [/usr/lib/gcc/x86_64-linux-gnu/4.8/crtend.o] ==> ignore
    arg [/usr/lib/gcc/x86_64-linux-gnu/4.8/../../../x86_64-linux-gnu/crtn.o] ==> ignore
  remove lib [gcc_s]
  remove lib [gcc]
  remove lib [gcc_s]
  remove lib [gcc]
  collapse library dir [/usr/lib/gcc/x86_64-linux-gnu/4.8] ==> [/usr/lib/gcc/x86_64-linux-gnu/4.8]
  collapse library dir [/usr/lib/gcc/x86_64-linux-gnu/4.8/../../../x86_64-linux-gnu] ==> [/usr/lib/x86_64-linux-gnu]
  collapse library dir [/usr/lib/gcc/x86_64-linux-gnu/4.8/../../../../lib] ==> [/usr/lib]
  collapse library dir [/lib/x86_64-linux-gnu] ==> [/lib/x86_64-linux-gnu]
  collapse library dir [/lib/../lib] ==> [/lib]
  collapse library dir [/usr/lib/x86_64-linux-gnu] ==> [/usr/lib/x86_64-linux-gnu]
  collapse library dir [/usr/lib/../lib] ==> [/usr/lib]
  collapse library dir [/opt/intel/composer_xe_2015.2.164/compiler/lib/intel64] ==> [/opt/intel/composer_xe_2015.2.164/compiler/lib/intel64]
  collapse library dir [/opt/intel/composer_xe_2015.2.164/ipp/../compiler/lib/intel64] ==> [/opt/intel/composer_xe_2015.2.164/compiler/lib/intel64]
  collapse library dir [/opt/intel/composer_xe_2015.2.164/ipp/lib/intel64] ==> [/opt/intel/composer_xe_2015.2.164/ipp/lib/intel64]
  collapse library dir [/opt/intel/composer_xe_2015.2.164/compiler/lib/intel64] ==> [/opt/intel/composer_xe_2015.2.164/compiler/lib/intel64]
  collapse library dir [/opt/intel/composer_xe_2015.2.164/mkl/lib/intel64] ==> [/opt/intel/composer_xe_2015.2.164/mkl/lib/intel64]
  collapse library dir [/opt/intel/composer_xe_2015.2.164/tbb/lib/intel64/gcc4.4] ==> [/opt/intel/composer_xe_2015.2.164/tbb/lib/intel64/gcc4.4]
  collapse library dir [/usr/lib/gcc/x86_64-linux-gnu/4.8/../../..] ==> [/usr/lib]
  implicit libs: [stdc++;m;c]
  implicit dirs: [/usr/lib/gcc/x86_64-linux-gnu/4.8;/usr/lib/x86_64-linux-gnu;/usr/lib;/lib/x86_64-linux-gnu;/lib;/opt/intel/composer_xe_2015.2.164/compiler/lib/intel64;/opt/intel/composer_xe_2015.2.164/ipp/lib/intel64;/opt/intel/composer_xe_2015.2.164/mkl/lib/intel64;/opt/intel/composer_xe_2015.2.164/tbb/lib/intel64/gcc4.4]
  implicit fwks: []


Determining if the function XOpenDisplay exists in the /usr/lib/x86_64-linux-gnu/libX11.so;/usr/lib/x86_64-linux-gnu/libXext.so passed with the following output:
Change Dir: /home/christopher/git/Hear-No-Evil-See-No-Evil/CMakeFiles/CMakeTmp

Run Build Command:/usr/bin/make "cmTryCompileExec608704617/fast"
/usr/bin/make -f CMakeFiles/cmTryCompileExec608704617.dir/build.make CMakeFiles/cmTryCompileExec608704617.dir/build
make[1]: Entering directory `/home/christopher/git/Hear-No-Evil-See-No-Evil/CMakeFiles/CMakeTmp'
/usr/bin/cmake -E cmake_progress_report /home/christopher/git/Hear-No-Evil-See-No-Evil/CMakeFiles/CMakeTmp/CMakeFiles 1
Building C object CMakeFiles/cmTryCompileExec608704617.dir/CheckFunctionExists.c.o
/usr/bin/cc   -DCHECK_FUNCTION_EXISTS=XOpenDisplay   -o CMakeFiles/cmTryCompileExec608704617.dir/CheckFunctionExists.c.o   -c /usr/share/cmake-2.8/Modules/CheckFunctionExists.c
Linking C executable cmTryCompileExec608704617
/usr/bin/cmake -E cmake_link_script CMakeFiles/cmTryCompileExec608704617.dir/link.txt --verbose=1
/usr/bin/cc   -DCHECK_FUNCTION_EXISTS=XOpenDisplay    CMakeFiles/cmTryCompileExec608704617.dir/CheckFunctionExists.c.o  -o cmTryCompileExec608704617 -rdynamic -lX11 -lXext 
make[1]: Leaving directory `/home/christopher/git/Hear-No-Evil-See-No-Evil/CMakeFiles/CMakeTmp'


Determining if the function gethostbyname exists passed with the following output:
Change Dir: /home/christopher/git/Hear-No-Evil-See-No-Evil/CMakeFiles/CMakeTmp

Run Build Command:/usr/bin/make "cmTryCompileExec3837670234/fast"
/usr/bin/make -f CMakeFiles/cmTryCompileExec3837670234.dir/build.make CMakeFiles/cmTryCompileExec3837670234.dir/build
make[1]: Entering directory `/home/christopher/git/Hear-No-Evil-See-No-Evil/CMakeFiles/CMakeTmp'
/usr/bin/cmake -E cmake_progress_report /home/christopher/git/Hear-No-Evil-See-No-Evil/CMakeFiles/CMakeTmp/CMakeFiles 1
Building C object CMakeFiles/cmTryCompileExec3837670234.dir/CheckFunctionExists.c.o
/usr/bin/cc   -DCHECK_FUNCTION_EXISTS=gethostbyname   -o CMakeFiles/cmTryCompileExec3837670234.dir/CheckFunctionExists.c.o   -c /usr/share/cmake-2.8/Modules/CheckFunctionExists.c
Linking C executable cmTryCompileExec3837670234
/usr/bin/cmake -E cmake_link_script CMakeFiles/cmTryCompileExec3837670234.dir/link.txt --verbose=1
/usr/bin/cc   -DCHECK_FUNCTION_EXISTS=gethostbyname    CMakeFiles/cmTryCompileExec3837670234.dir/CheckFunctionExists.c.o  -o cmTryCompileExec3837670234 -rdynamic 
make[1]: Leaving directory `/home/christopher/git/Hear-No-Evil-See-No-Evil/CMakeFiles/CMakeTmp'


Determining if the function connect exists passed with the following output:
Change Dir: /home/christopher/git/Hear-No-Evil-See-No-Evil/CMakeFiles/CMakeTmp

Run Build Command:/usr/bin/make "cmTryCompileExec2222878564/fast"
/usr/bin/make -f CMakeFiles/cmTryCompileExec2222878564.dir/build.make CMakeFiles/cmTryCompileExec2222878564.dir/build
make[1]: Entering directory `/home/christopher/git/Hear-No-Evil-See-No-Evil/CMakeFiles/CMakeTmp'
/usr/bin/cmake -E cmake_progress_report /home/christopher/git/Hear-No-Evil-See-No-Evil/CMakeFiles/CMakeTmp/CMakeFiles 1
Building C object CMakeFiles/cmTryCompileExec2222878564.dir/CheckFunctionExists.c.o
/usr/bin/cc   -DCHECK_FUNCTION_EXISTS=connect   -o CMakeFiles/cmTryCompileExec2222878564.dir/CheckFunctionExists.c.o   -c /usr/share/cmake-2.8/Modules/CheckFunctionExists.c
Linking C executable cmTryCompileExec2222878564
/usr/bin/cmake -E cmake_link_script CMakeFiles/cmTryCompileExec2222878564.dir/link.txt --verbose=1
/usr/bin/cc   -DCHECK_FUNCTION_EXISTS=connect    CMakeFiles/cmTryCompileExec2222878564.dir/CheckFunctionExists.c.o  -o cmTryCompileExec2222878564 -rdynamic 
make[1]: Leaving directory `/home/christopher/git/Hear-No-Evil-See-No-Evil/CMakeFiles/CMakeTmp'


Determining if the function remove exists passed with the following output:
Change Dir: /home/christopher/git/Hear-No-Evil-See-No-Evil/CMakeFiles/CMakeTmp

Run Build Command:/usr/bin/make "cmTryCompileExec2035550060/fast"
/usr/bin/make -f CMakeFiles/cmTryCompileExec2035550060.dir/build.make CMakeFiles/cmTryCompileExec2035550060.dir/build
make[1]: Entering directory `/home/christopher/git/Hear-No-Evil-See-No-Evil/CMakeFiles/CMakeTmp'
/usr/bin/cmake -E cmake_progress_report /home/christopher/git/Hear-No-Evil-See-No-Evil/CMakeFiles/CMakeTmp/CMakeFiles 1
Building C object CMakeFiles/cmTryCompileExec2035550060.dir/CheckFunctionExists.c.o
/usr/bin/cc   -DCHECK_FUNCTION_EXISTS=remove   -o CMakeFiles/cmTryCompileExec2035550060.dir/CheckFunctionExists.c.o   -c /usr/share/cmake-2.8/Modules/CheckFunctionExists.c
Linking C executable cmTryCompileExec2035550060
/usr/bin/cmake -E cmake_link_script CMakeFiles/cmTryCompileExec2035550060.dir/link.txt --verbose=1
/usr/bin/cc   -DCHECK_FUNCTION_EXISTS=remove    CMakeFiles/cmTryCompileExec2035550060.dir/CheckFunctionExists.c.o  -o cmTryCompileExec2035550060 -rdynamic 
make[1]: Leaving directory `/home/christopher/git/Hear-No-Evil-See-No-Evil/CMakeFiles/CMakeTmp'


Determining if the function shmat exists passed with the following output:
Change Dir: /home/christopher/git/Hear-No-Evil-See-No-Evil/CMakeFiles/CMakeTmp

Run Build Command:/usr/bin/make "cmTryCompileExec801357561/fast"
/usr/bin/make -f CMakeFiles/cmTryCompileExec801357561.dir/build.make CMakeFiles/cmTryCompileExec801357561.dir/build
make[1]: Entering directory `/home/christopher/git/Hear-No-Evil-See-No-Evil/CMakeFiles/CMakeTmp'
/usr/bin/cmake -E cmake_progress_report /home/christopher/git/Hear-No-Evil-See-No-Evil/CMakeFiles/CMakeTmp/CMakeFiles 1
Building C object CMakeFiles/cmTryCompileExec801357561.dir/CheckFunctionExists.c.o
/usr/bin/cc   -DCHECK_FUNCTION_EXISTS=shmat   -o CMakeFiles/cmTryCompileExec801357561.dir/CheckFunctionExists.c.o   -c /usr/share/cmake-2.8/Modules/CheckFunctionExists.c
Linking C executable cmTryCompileExec801357561
/usr/bin/cmake -E cmake_link_script CMakeFiles/cmTryCompileExec801357561.dir/link.txt --verbose=1
/usr/bin/cc   -DCHECK_FUNCTION_EXISTS=shmat    CMakeFiles/cmTryCompileExec801357561.dir/CheckFunctionExists.c.o  -o cmTryCompileExec801357561 -rdynamic 
make[1]: Leaving directory `/home/christopher/git/Hear-No-Evil-See-No-Evil/CMakeFiles/CMakeTmp'


Determining if the function IceConnectionNumber exists in the ICE passed with the following output:
Change Dir: /home/christopher/git/Hear-No-Evil-See-No-Evil/CMakeFiles/CMakeTmp

Run Build Command:/usr/bin/make "cmTryCompileExec3593210884/fast"
/usr/bin/make -f CMakeFiles/cmTryCompileExec3593210884.dir/build.make CMakeFiles/cmTryCompileExec3593210884.dir/build
make[1]: Entering directory `/home/christopher/git/Hear-No-Evil-See-No-Evil/CMakeFiles/CMakeTmp'
/usr/bin/cmake -E cmake_progress_report /home/christopher/git/Hear-No-Evil-See-No-Evil/CMakeFiles/CMakeTmp/CMakeFiles 1
Building C object CMakeFiles/cmTryCompileExec3593210884.dir/CheckFunctionExists.c.o
/usr/bin/cc   -DCHECK_FUNCTION_EXISTS=IceConnectionNumber   -o CMakeFiles/cmTryCompileExec3593210884.dir/CheckFunctionExists.c.o   -c /usr/share/cmake-2.8/Modules/CheckFunctionExists.c
Linking C executable cmTryCompileExec3593210884
/usr/bin/cmake -E cmake_link_script CMakeFiles/cmTryCompileExec3593210884.dir/link.txt --verbose=1
/usr/bin/cc   -DCHECK_FUNCTION_EXISTS=IceConnectionNumber    CMakeFiles/cmTryCompileExec3593210884.dir/CheckFunctionExists.c.o  -o cmTryCompileExec3593210884 -rdynamic -lICE 
make[1]: Leaving directory `/home/christopher/git/Hear-No-Evil-See-No-Evil/CMakeFiles/CMakeTmp'


Determining if files pthread.h exist passed with the following output:
Change Dir: /home/christopher/git/Hear-No-Evil-See-No-Evil/CMakeFiles/CMakeTmp

Run Build Command:/usr/bin/make "cmTryCompileExec1314724887/fast"
/usr/bin/make -f CMakeFiles/cmTryCompileExec1314724887.dir/build.make CMakeFiles/cmTryCompileExec1314724887.dir/build
make[1]: Entering directory `/home/christopher/git/Hear-No-Evil-See-No-Evil/CMakeFiles/CMakeTmp'
/usr/bin/cmake -E cmake_progress_report /home/christopher/git/Hear-No-Evil-See-No-Evil/CMakeFiles/CMakeTmp/CMakeFiles 1
Building C object CMakeFiles/cmTryCompileExec1314724887.dir/CheckIncludeFiles.c.o
/usr/bin/cc    -o CMakeFiles/cmTryCompileExec1314724887.dir/CheckIncludeFiles.c.o   -c /home/christopher/git/Hear-No-Evil-See-No-Evil/CMakeFiles/CMakeTmp/CheckIncludeFiles.c
Linking C executable cmTryCompileExec1314724887
/usr/bin/cmake -E cmake_link_script CMakeFiles/cmTryCompileExec1314724887.dir/link.txt --verbose=1
/usr/bin/cc       CMakeFiles/cmTryCompileExec1314724887.dir/CheckIncludeFiles.c.o  -o cmTryCompileExec1314724887 -rdynamic 
make[1]: Leaving directory `/home/christopher/git/Hear-No-Evil-See-No-Evil/CMakeFiles/CMakeTmp'


Determining if the function pthread_create exists in the pthread passed with the following output:
Change Dir: /home/christopher/git/Hear-No-Evil-See-No-Evil/CMakeFiles/CMakeTmp

Run Build Command:/usr/bin/make "cmTryCompileExec2116330249/fast"
/usr/bin/make -f CMakeFiles/cmTryCompileExec2116330249.dir/build.make CMakeFiles/cmTryCompileExec2116330249.dir/build
make[1]: Entering directory `/home/christopher/git/Hear-No-Evil-See-No-Evil/CMakeFiles/CMakeTmp'
/usr/bin/cmake -E cmake_progress_report /home/christopher/git/Hear-No-Evil-See-No-Evil/CMakeFiles/CMakeTmp/CMakeFiles 1
Building C object CMakeFiles/cmTryCompileExec2116330249.dir/CheckFunctionExists.c.o
/usr/bin/cc   -DCHECK_FUNCTION_EXISTS=pthread_create   -o CMakeFiles/cmTryCompileExec2116330249.dir/CheckFunctionExists.c.o   -c /usr/share/cmake-2.8/Modules/CheckFunctionExists.c
Linking C executable cmTryCompileExec2116330249
/usr/bin/cmake -E cmake_link_script CMakeFiles/cmTryCompileExec2116330249.dir/link.txt --verbose=1
/usr/bin/cc   -DCHECK_FUNCTION_EXISTS=pthread_create    CMakeFiles/cmTryCompileExec2116330249.dir/CheckFunctionExists.c.o  -o cmTryCompileExec2116330249 -rdynamic -lpthread 
make[1]: Leaving directory `/home/christopher/git/Hear-No-Evil-See-No-Evil/CMakeFiles/CMakeTmp'


Determining if the function glXGetProcAddress exists passed with the following output:
Change Dir: /home/christopher/git/Hear-No-Evil-See-No-Evil/CMakeFiles/CMakeTmp

Run Build Command:/usr/bin/make "cmTryCompileExec3360730116/fast"
/usr/bin/make -f CMakeFiles/cmTryCompileExec3360730116.dir/build.make CMakeFiles/cmTryCompileExec3360730116.dir/build
make[1]: Entering directory `/home/christopher/git/Hear-No-Evil-See-No-Evil/CMakeFiles/CMakeTmp'
/usr/bin/cmake -E cmake_progress_report /home/christopher/git/Hear-No-Evil-See-No-Evil/CMakeFiles/CMakeTmp/CMakeFiles 1
Building C object CMakeFiles/cmTryCompileExec3360730116.dir/CheckFunctionExists.c.o
/usr/bin/cc   -DCHECK_FUNCTION_EXISTS=glXGetProcAddress   -o CMakeFiles/cmTryCompileExec3360730116.dir/CheckFunctionExists.c.o   -c /usr/share/cmake-2.8/Modules/CheckFunctionExists.c
Linking C executable cmTryCompileExec3360730116
/usr/bin/cmake -E cmake_link_script CMakeFiles/cmTryCompileExec3360730116.dir/link.txt --verbose=1
/usr/bin/cc   -DCHECK_FUNCTION_EXISTS=glXGetProcAddress    CMakeFiles/cmTryCompileExec3360730116.dir/CheckFunctionExists.c.o  -o cmTryCompileExec3360730116 -rdynamic -lGL 
make[1]: Leaving directory `/home/christopher/git/Hear-No-Evil-See-No-Evil/CMakeFiles/CMakeTmp'


Determining if the function glXGetProcAddressARB exists passed with the following output:
Change Dir: /home/christopher/git/Hear-No-Evil-See-No-Evil/CMakeFiles/CMakeTmp

Run Build Command:/usr/bin/make "cmTryCompileExec3718554006/fast"
/usr/bin/make -f CMakeFiles/cmTryCompileExec3718554006.dir/build.make CMakeFiles/cmTryCompileExec3718554006.dir/build
make[1]: Entering directory `/home/christopher/git/Hear-No-Evil-See-No-Evil/CMakeFiles/CMakeTmp'
/usr/bin/cmake -E cmake_progress_report /home/christopher/git/Hear-No-Evil-See-No-Evil/CMakeFiles/CMakeTmp/CMakeFiles 1
Building C object CMakeFiles/cmTryCompileExec3718554006.dir/CheckFunctionExists.c.o
/usr/bin/cc   -DCHECK_FUNCTION_EXISTS=glXGetProcAddressARB   -o CMakeFiles/cmTryCompileExec3718554006.dir/CheckFunctionExists.c.o   -c /usr/share/cmake-2.8/Modules/CheckFunctionExists.c
Linking C executable cmTryCompileExec3718554006
/usr/bin/cmake -E cmake_link_script CMakeFiles/cmTryCompileExec3718554006.dir/link.txt --verbose=1
/usr/bin/cc   -DCHECK_FUNCTION_EXISTS=glXGetProcAddressARB    CMakeFiles/cmTryCompileExec3718554006.dir/CheckFunctionExists.c.o  -o cmTryCompileExec3718554006 -rdynamic -lGL 
make[1]: Leaving directory `/home/christopher/git/Hear-No-Evil-See-No-Evil/CMakeFiles/CMakeTmp'


